<?xml version="1.0" encoding="UTF-8"?>
<testsuite name="project_MJ.summer.SummerApplicationTests" tests="1" skipped="0" failures="0" errors="0" timestamp="2022-08-03T05:38:21" hostname="munsang-won-ui-MacBookAir.local" time="0.061">
  <properties/>
  <testcase name="contextLoads()" classname="project_MJ.summer.SummerApplicationTests" time="0.061"/>
  <system-out><![CDATA[14:38:19.065 [Test worker] DEBUG org.springframework.test.context.BootstrapUtils - Instantiating CacheAwareContextLoaderDelegate from class [org.springframework.test.context.cache.DefaultCacheAwareContextLoaderDelegate]
14:38:19.072 [Test worker] DEBUG org.springframework.test.context.BootstrapUtils - Instantiating BootstrapContext using constructor [public org.springframework.test.context.support.DefaultBootstrapContext(java.lang.Class,org.springframework.test.context.CacheAwareContextLoaderDelegate)]
14:38:19.090 [Test worker] DEBUG org.springframework.test.context.BootstrapUtils - Instantiating TestContextBootstrapper for test class [project_MJ.summer.SummerApplicationTests] from class [org.springframework.boot.test.context.SpringBootTestContextBootstrapper]
14:38:19.098 [Test worker] INFO org.springframework.boot.test.context.SpringBootTestContextBootstrapper - Neither @ContextConfiguration nor @ContextHierarchy found for test class [project_MJ.summer.SummerApplicationTests], using SpringBootContextLoader
14:38:19.101 [Test worker] DEBUG org.springframework.test.context.support.AbstractContextLoader - Did not detect default resource location for test class [project_MJ.summer.SummerApplicationTests]: class path resource [project_MJ/summer/SummerApplicationTests-context.xml] does not exist
14:38:19.101 [Test worker] DEBUG org.springframework.test.context.support.AbstractContextLoader - Did not detect default resource location for test class [project_MJ.summer.SummerApplicationTests]: class path resource [project_MJ/summer/SummerApplicationTestsContext.groovy] does not exist
14:38:19.101 [Test worker] INFO org.springframework.test.context.support.AbstractContextLoader - Could not detect default resource locations for test class [project_MJ.summer.SummerApplicationTests]: no resource found for suffixes {-context.xml, Context.groovy}.
14:38:19.102 [Test worker] INFO org.springframework.test.context.support.AnnotationConfigContextLoaderUtils - Could not detect default configuration classes for test class [project_MJ.summer.SummerApplicationTests]: SummerApplicationTests does not declare any static, non-private, non-final, nested classes annotated with @Configuration.
14:38:19.125 [Test worker] DEBUG org.springframework.test.context.support.ActiveProfilesUtils - Could not find an 'annotation declaring class' for annotation type [org.springframework.test.context.ActiveProfiles] and class [project_MJ.summer.SummerApplicationTests]
14:38:19.159 [Test worker] DEBUG org.springframework.context.annotation.ClassPathScanningCandidateComponentProvider - Identified candidate component class: file [/Users/moon/Desktop/방학/LectureRoomFinder/summer/build/classes/java/main/project_MJ/summer/SummerApplication.class]
14:38:19.160 [Test worker] INFO org.springframework.boot.test.context.SpringBootTestContextBootstrapper - Found @SpringBootConfiguration project_MJ.summer.SummerApplication for test class project_MJ.summer.SummerApplicationTests
14:38:19.213 [Test worker] DEBUG org.springframework.boot.test.context.SpringBootTestContextBootstrapper - @TestExecutionListeners is not present for class [project_MJ.summer.SummerApplicationTests]: using defaults.
14:38:19.213 [Test worker] INFO org.springframework.boot.test.context.SpringBootTestContextBootstrapper - Loaded default TestExecutionListener class names from location [META-INF/spring.factories]: [org.springframework.boot.test.autoconfigure.restdocs.RestDocsTestExecutionListener, org.springframework.boot.test.autoconfigure.web.client.MockRestServiceServerResetTestExecutionListener, org.springframework.boot.test.autoconfigure.web.servlet.MockMvcPrintOnlyOnFailureTestExecutionListener, org.springframework.boot.test.autoconfigure.web.servlet.WebDriverTestExecutionListener, org.springframework.boot.test.autoconfigure.webservices.client.MockWebServiceServerTestExecutionListener, org.springframework.boot.test.mock.mockito.MockitoTestExecutionListener, org.springframework.boot.test.mock.mockito.ResetMocksTestExecutionListener, org.springframework.test.context.web.ServletTestExecutionListener, org.springframework.test.context.support.DirtiesContextBeforeModesTestExecutionListener, org.springframework.test.context.event.ApplicationEventsTestExecutionListener, org.springframework.test.context.support.DependencyInjectionTestExecutionListener, org.springframework.test.context.support.DirtiesContextTestExecutionListener, org.springframework.test.context.transaction.TransactionalTestExecutionListener, org.springframework.test.context.jdbc.SqlScriptsTestExecutionListener, org.springframework.test.context.event.EventPublishingTestExecutionListener]
14:38:19.224 [Test worker] INFO org.springframework.boot.test.context.SpringBootTestContextBootstrapper - Using TestExecutionListeners: [org.springframework.test.context.web.ServletTestExecutionListener@5851bd4f, org.springframework.test.context.support.DirtiesContextBeforeModesTestExecutionListener@7cd1ac19, org.springframework.test.context.event.ApplicationEventsTestExecutionListener@2f40a43, org.springframework.boot.test.mock.mockito.MockitoTestExecutionListener@3caa4757, org.springframework.boot.test.autoconfigure.SpringBootDependencyInjectionTestExecutionListener@69c43e48, org.springframework.test.context.support.DirtiesContextTestExecutionListener@1804f60d, org.springframework.test.context.transaction.TransactionalTestExecutionListener@3a80515c, org.springframework.test.context.jdbc.SqlScriptsTestExecutionListener@547e29a4, org.springframework.test.context.event.EventPublishingTestExecutionListener@1c807b1d, org.springframework.boot.test.autoconfigure.restdocs.RestDocsTestExecutionListener@238b521e, org.springframework.boot.test.autoconfigure.web.client.MockRestServiceServerResetTestExecutionListener@1b39fd82, org.springframework.boot.test.autoconfigure.web.servlet.MockMvcPrintOnlyOnFailureTestExecutionListener@3e2fc448, org.springframework.boot.test.autoconfigure.web.servlet.WebDriverTestExecutionListener@21680803, org.springframework.boot.test.autoconfigure.webservices.client.MockWebServiceServerTestExecutionListener@588ab592, org.springframework.boot.test.mock.mockito.ResetMocksTestExecutionListener@c8b96ec]
14:38:19.226 [Test worker] DEBUG org.springframework.test.context.support.AbstractDirtiesContextTestExecutionListener - Before test class: context [DefaultTestContext@3228d990 testClass = SummerApplicationTests, testInstance = [null], testMethod = [null], testException = [null], mergedContextConfiguration = [WebMergedContextConfiguration@54e7391d testClass = SummerApplicationTests, locations = '{}', classes = '{class project_MJ.summer.SummerApplication}', contextInitializerClasses = '[]', activeProfiles = '{}', propertySourceLocations = '{classpath:/application.properties}', propertySourceProperties = '{org.springframework.boot.test.context.SpringBootTestContextBootstrapper=true}', contextCustomizers = set[org.springframework.boot.test.autoconfigure.actuate.metrics.MetricsExportContextCustomizerFactory$DisableMetricExportContextCustomizer@686449f9, org.springframework.boot.test.autoconfigure.properties.PropertyMappingContextCustomizer@0, org.springframework.boot.test.autoconfigure.web.servlet.WebDriverContextCustomizerFactory$Customizer@7756c3cd, org.springframework.boot.test.context.filter.ExcludeFilterContextCustomizer@6cfcd46d, org.springframework.boot.test.json.DuplicateJsonObjectContextCustomizerFactory$DuplicateJsonObjectContextCustomizer@26425897, org.springframework.boot.test.mock.mockito.MockitoContextCustomizer@0, org.springframework.boot.test.web.client.TestRestTemplateContextCustomizer@42e3ede4, org.springframework.boot.test.context.SpringBootTestArgs@1, org.springframework.boot.test.context.SpringBootTestWebEnvironment@264f218], resourceBasePath = 'src/main/webapp', contextLoader = 'org.springframework.boot.test.context.SpringBootContextLoader', parent = [null]], attributes = map['org.springframework.test.context.web.ServletTestExecutionListener.activateListener' -> true]], class annotated with @DirtiesContext [false] with mode [null].

  .   ____          _            __ _ _
 /\\ / ___'_ __ _ _(_)_ __  __ _ \ \ \ \
( ( )\___ | '_ | '_| | '_ \/ _` | \ \ \ \
 \\/  ___)| |_)| | | | | || (_| |  ) ) ) )
  '  |____| .__|_| |_|_| |_\__, | / / / /
 =========|_|==============|___/=/_/_/_/
 :: Spring Boot ::                (v2.7.2)

2022-08-03 14:38:19.637  INFO 68370 --- [    Test worker] p.summer.SummerApplicationTests          : Starting SummerApplicationTests using Java 11.0.9.1 on munsang-won-ui-MacBookAir.local with PID 68370 (started by moon in /Users/moon/Desktop/방학/LectureRoomFinder/summer)
2022-08-03 14:38:19.638  INFO 68370 --- [    Test worker] p.summer.SummerApplicationTests          : No active profile set, falling back to 1 default profile: "default"
2022-08-03 14:38:20.050  INFO 68370 --- [    Test worker] .s.d.r.c.RepositoryConfigurationDelegate : Bootstrapping Spring Data JPA repositories in DEFAULT mode.
2022-08-03 14:38:20.073  INFO 68370 --- [    Test worker] .s.d.r.c.RepositoryConfigurationDelegate : Finished Spring Data repository scanning in 19 ms. Found 1 JPA repository interfaces.
2022-08-03 14:38:20.382  INFO 68370 --- [    Test worker] o.hibernate.jpa.internal.util.LogHelper  : HHH000204: Processing PersistenceUnitInfo [name: default]
2022-08-03 14:38:20.419  INFO 68370 --- [    Test worker] org.hibernate.Version                    : HHH000412: Hibernate ORM core version 5.6.10.Final
2022-08-03 14:38:20.536  INFO 68370 --- [    Test worker] o.hibernate.annotations.common.Version   : HCANN000001: Hibernate Commons Annotations {5.1.2.Final}
2022-08-03 14:38:20.594  INFO 68370 --- [    Test worker] com.zaxxer.hikari.HikariDataSource       : HikariPool-1 - Starting...
2022-08-03 14:38:20.717  INFO 68370 --- [    Test worker] com.zaxxer.hikari.HikariDataSource       : HikariPool-1 - Start completed.
2022-08-03 14:38:20.745  INFO 68370 --- [    Test worker] org.hibernate.dialect.Dialect            : HHH000400: Using dialect: org.hibernate.dialect.H2Dialect
Hibernate: 
    
    create table locations (
       id bigint not null,
        name varchar(255),
        x varchar(255),
        y varchar(255),
        primary key (id)
    )
Hibernate: create sequence hibernate_sequence start with 1 increment by 1
2022-08-03 14:38:21.079  INFO 68370 --- [    Test worker] o.h.e.t.j.p.i.JtaPlatformInitiator       : HHH000490: Using JtaPlatform implementation: [org.hibernate.engine.transaction.jta.platform.internal.NoJtaPlatform]
2022-08-03 14:38:21.083  INFO 68370 --- [    Test worker] j.LocalContainerEntityManagerFactoryBean : Initialized JPA EntityManagerFactory for persistence unit 'default'
2022-08-03 14:38:21.529  INFO 68370 --- [    Test worker] pertySourcedRequestMappingHandlerMapping : Mapped URL path [/v2/api-docs] onto method [springfox.documentation.swagger2.web.Swagger2Controller#getDocumentation(String, HttpServletRequest)]
2022-08-03 14:38:21.814  INFO 68370 --- [    Test worker] d.s.w.p.DocumentationPluginsBootstrapper : Context refreshed
2022-08-03 14:38:21.824  INFO 68370 --- [    Test worker] d.s.w.p.DocumentationPluginsBootstrapper : Found 1 custom documentation plugin(s)
2022-08-03 14:38:21.835  INFO 68370 --- [    Test worker] s.d.s.w.s.ApiListingReferenceScanner     : Scanning for api listing references
2022-08-03 14:38:21.900  INFO 68370 --- [    Test worker] p.summer.SummerApplicationTests          : Started SummerApplicationTests in 2.646 seconds (JVM running for 3.286)
2022-08-03 14:38:21.901  INFO 68370 --- [    Test worker] p.summer.service.LocationService         : A동 35.247429 128.902785
Hibernate: 
    call next value for hibernate_sequence
Hibernate: 
    insert 
    into
        locations
        (name, x, y, id) 
    values
        (?, ?, ?, ?)
2022-08-03 14:38:21.931  INFO 68370 --- [    Test worker] p.summer.service.LocationService         : B동 35.248505 128.903846
Hibernate: 
    call next value for hibernate_sequence
Hibernate: 
    insert 
    into
        locations
        (name, x, y, id) 
    values
        (?, ?, ?, ?)
2022-08-03 14:38:21.932  INFO 68370 --- [    Test worker] p.summer.service.LocationService         : C동 35.249394 128.903272
Hibernate: 
    call next value for hibernate_sequence
Hibernate: 
    insert 
    into
        locations
        (name, x, y, id) 
    values
        (?, ?, ?, ?)
]]></system-out>
  <system-err><![CDATA[]]></system-err>
</testsuite>
